Start testing: Sep 19 03:46 JST
----------------------------------------------------------
1/4 Testing: My6502Test1.LDAImmediateCanLoadAValueIntoTheARegister
1/4 Test: My6502Test1.LDAImmediateCanLoadAValueIntoTheARegister
Command: "/home/jn403l/Documents/my-6502/build/my-6502-test/test_test" "--gtest_filter=My6502Test1.LDAImmediateCanLoadAValueIntoTheARegister" "--gtest_also_run_disabled_tests"
Directory: /home/jn403l/Documents/my-6502/build/my-6502-test
"My6502Test1.LDAImmediateCanLoadAValueIntoTheARegister" start time: Sep 19 03:46 JST
Output:
----------------------------------------------------------
Running main() from /home/jn403l/Documents/my-6502/external/googletest/googletest/src/gtest_main.cc
[0;33mNote: Google Test filter = My6502Test1.LDAImmediateCanLoadAValueIntoTheARegister
[m[0;32m[==========] [mRunning 1 test from 1 test suite.
[0;32m[----------] [mGlobal test environment set-up.
[0;32m[----------] [m1 test from My6502Test1
[0;32m[ RUN      ] [mMy6502Test1.LDAImmediateCanLoadAValueIntoTheARegister
[0;32m[       OK ] [mMy6502Test1.LDAImmediateCanLoadAValueIntoTheARegister (1 ms)
[0;32m[----------] [m1 test from My6502Test1 (1 ms total)

[0;32m[----------] [mGlobal test environment tear-down
[0;32m[==========] [m1 test from 1 test suite ran. (1 ms total)
[0;32m[  PASSED  ] [m1 test.
<end of output>
Test time =   0.03 sec
----------------------------------------------------------
Test Passed.
"My6502Test1.LDAImmediateCanLoadAValueIntoTheARegister" end time: Sep 19 03:46 JST
"My6502Test1.LDAImmediateCanLoadAValueIntoTheARegister" time elapsed: 00:00:00
----------------------------------------------------------

2/4 Testing: My6502Test1.LDAZeroPageCanLoadAValueIntoTheARegister
2/4 Test: My6502Test1.LDAZeroPageCanLoadAValueIntoTheARegister
Command: "/home/jn403l/Documents/my-6502/build/my-6502-test/test_test" "--gtest_filter=My6502Test1.LDAZeroPageCanLoadAValueIntoTheARegister" "--gtest_also_run_disabled_tests"
Directory: /home/jn403l/Documents/my-6502/build/my-6502-test
"My6502Test1.LDAZeroPageCanLoadAValueIntoTheARegister" start time: Sep 19 03:46 JST
Output:
----------------------------------------------------------
Running main() from /home/jn403l/Documents/my-6502/external/googletest/googletest/src/gtest_main.cc
[0;33mNote: Google Test filter = My6502Test1.LDAZeroPageCanLoadAValueIntoTheARegister
[m[0;32m[==========] [mRunning 1 test from 1 test suite.
[0;32m[----------] [mGlobal test environment set-up.
[0;32m[----------] [m1 test from My6502Test1
[0;32m[ RUN      ] [mMy6502Test1.LDAZeroPageCanLoadAValueIntoTheARegister
[0;32m[       OK ] [mMy6502Test1.LDAZeroPageCanLoadAValueIntoTheARegister (1 ms)
[0;32m[----------] [m1 test from My6502Test1 (1 ms total)

[0;32m[----------] [mGlobal test environment tear-down
[0;32m[==========] [m1 test from 1 test suite ran. (2 ms total)
[0;32m[  PASSED  ] [m1 test.
<end of output>
Test time =   0.02 sec
----------------------------------------------------------
Test Passed.
"My6502Test1.LDAZeroPageCanLoadAValueIntoTheARegister" end time: Sep 19 03:46 JST
"My6502Test1.LDAZeroPageCanLoadAValueIntoTheARegister" time elapsed: 00:00:00
----------------------------------------------------------

3/4 Testing: My6502Test1.LDAZeroPageXCanLoadAValueIntoTheARegister
3/4 Test: My6502Test1.LDAZeroPageXCanLoadAValueIntoTheARegister
Command: "/home/jn403l/Documents/my-6502/build/my-6502-test/test_test" "--gtest_filter=My6502Test1.LDAZeroPageXCanLoadAValueIntoTheARegister" "--gtest_also_run_disabled_tests"
Directory: /home/jn403l/Documents/my-6502/build/my-6502-test
"My6502Test1.LDAZeroPageXCanLoadAValueIntoTheARegister" start time: Sep 19 03:46 JST
Output:
----------------------------------------------------------
Running main() from /home/jn403l/Documents/my-6502/external/googletest/googletest/src/gtest_main.cc
[0;33mNote: Google Test filter = My6502Test1.LDAZeroPageXCanLoadAValueIntoTheARegister
[m[0;32m[==========] [mRunning 1 test from 1 test suite.
[0;32m[----------] [mGlobal test environment set-up.
[0;32m[----------] [m1 test from My6502Test1
[0;32m[ RUN      ] [mMy6502Test1.LDAZeroPageXCanLoadAValueIntoTheARegister
[0;32m[       OK ] [mMy6502Test1.LDAZeroPageXCanLoadAValueIntoTheARegister (1 ms)
[0;32m[----------] [m1 test from My6502Test1 (1 ms total)

[0;32m[----------] [mGlobal test environment tear-down
[0;32m[==========] [m1 test from 1 test suite ran. (1 ms total)
[0;32m[  PASSED  ] [m1 test.
<end of output>
Test time =   0.03 sec
----------------------------------------------------------
Test Passed.
"My6502Test1.LDAZeroPageXCanLoadAValueIntoTheARegister" end time: Sep 19 03:46 JST
"My6502Test1.LDAZeroPageXCanLoadAValueIntoTheARegister" time elapsed: 00:00:00
----------------------------------------------------------

4/4 Testing: My6502Test1.LDAZeroPageXCanLoadAValueIntoTheARegisterWhenItWraps
4/4 Test: My6502Test1.LDAZeroPageXCanLoadAValueIntoTheARegisterWhenItWraps
Command: "/home/jn403l/Documents/my-6502/build/my-6502-test/test_test" "--gtest_filter=My6502Test1.LDAZeroPageXCanLoadAValueIntoTheARegisterWhenItWraps" "--gtest_also_run_disabled_tests"
Directory: /home/jn403l/Documents/my-6502/build/my-6502-test
"My6502Test1.LDAZeroPageXCanLoadAValueIntoTheARegisterWhenItWraps" start time: Sep 19 03:46 JST
Output:
----------------------------------------------------------
Running main() from /home/jn403l/Documents/my-6502/external/googletest/googletest/src/gtest_main.cc
[0;33mNote: Google Test filter = My6502Test1.LDAZeroPageXCanLoadAValueIntoTheARegisterWhenItWraps
[m[0;32m[==========] [mRunning 1 test from 1 test suite.
[0;32m[----------] [mGlobal test environment set-up.
[0;32m[----------] [m1 test from My6502Test1
[0;32m[ RUN      ] [mMy6502Test1.LDAZeroPageXCanLoadAValueIntoTheARegisterWhenItWraps
[0;32m[       OK ] [mMy6502Test1.LDAZeroPageXCanLoadAValueIntoTheARegisterWhenItWraps (1 ms)
[0;32m[----------] [m1 test from My6502Test1 (1 ms total)

[0;32m[----------] [mGlobal test environment tear-down
[0;32m[==========] [m1 test from 1 test suite ran. (1 ms total)
[0;32m[  PASSED  ] [m1 test.
<end of output>
Test time =   0.02 sec
----------------------------------------------------------
Test Passed.
"My6502Test1.LDAZeroPageXCanLoadAValueIntoTheARegisterWhenItWraps" end time: Sep 19 03:46 JST
"My6502Test1.LDAZeroPageXCanLoadAValueIntoTheARegisterWhenItWraps" time elapsed: 00:00:00
----------------------------------------------------------

End testing: Sep 19 03:46 JST
