Start testing: Sep 20 18:05 JST
----------------------------------------------------------
1/15 Testing: My6502Test1.CPUDoesNothingWhenWeExecuteZeroCycles
1/15 Test: My6502Test1.CPUDoesNothingWhenWeExecuteZeroCycles
Command: "/home/jn403l/Documents/my-6502/build/my-6502-test/test_test" "--gtest_filter=My6502Test1.CPUDoesNothingWhenWeExecuteZeroCycles" "--gtest_also_run_disabled_tests"
Directory: /home/jn403l/Documents/my-6502/build/my-6502-test
"My6502Test1.CPUDoesNothingWhenWeExecuteZeroCycles" start time: Sep 20 18:05 JST
Output:
----------------------------------------------------------
Running main() from /home/jn403l/Documents/my-6502/external/googletest/googletest/src/gtest_main.cc
[0;33mNote: Google Test filter = My6502Test1.CPUDoesNothingWhenWeExecuteZeroCycles
[m[0;32m[==========] [mRunning 1 test from 1 test suite.
[0;32m[----------] [mGlobal test environment set-up.
[0;32m[----------] [m1 test from My6502Test1
[0;32m[ RUN      ] [mMy6502Test1.CPUDoesNothingWhenWeExecuteZeroCycles
[0;32m[       OK ] [mMy6502Test1.CPUDoesNothingWhenWeExecuteZeroCycles (0 ms)
[0;32m[----------] [m1 test from My6502Test1 (0 ms total)

[0;32m[----------] [mGlobal test environment tear-down
[0;32m[==========] [m1 test from 1 test suite ran. (0 ms total)
[0;32m[  PASSED  ] [m1 test.
<end of output>
Test time =   0.01 sec
----------------------------------------------------------
Test Passed.
"My6502Test1.CPUDoesNothingWhenWeExecuteZeroCycles" end time: Sep 20 18:05 JST
"My6502Test1.CPUDoesNothingWhenWeExecuteZeroCycles" time elapsed: 00:00:00
----------------------------------------------------------

2/15 Testing: My6502Test1.CPUCanExecuteMoreCyclesThanRequestedIfRequiredByTheInstruction
2/15 Test: My6502Test1.CPUCanExecuteMoreCyclesThanRequestedIfRequiredByTheInstruction
Command: "/home/jn403l/Documents/my-6502/build/my-6502-test/test_test" "--gtest_filter=My6502Test1.CPUCanExecuteMoreCyclesThanRequestedIfRequiredByTheInstruction" "--gtest_also_run_disabled_tests"
Directory: /home/jn403l/Documents/my-6502/build/my-6502-test
"My6502Test1.CPUCanExecuteMoreCyclesThanRequestedIfRequiredByTheInstruction" start time: Sep 20 18:05 JST
Output:
----------------------------------------------------------
Running main() from /home/jn403l/Documents/my-6502/external/googletest/googletest/src/gtest_main.cc
[0;33mNote: Google Test filter = My6502Test1.CPUCanExecuteMoreCyclesThanRequestedIfRequiredByTheInstruction
[m[0;32m[==========] [mRunning 1 test from 1 test suite.
[0;32m[----------] [mGlobal test environment set-up.
[0;32m[----------] [m1 test from My6502Test1
[0;32m[ RUN      ] [mMy6502Test1.CPUCanExecuteMoreCyclesThanRequestedIfRequiredByTheInstruction
[0;32m[       OK ] [mMy6502Test1.CPUCanExecuteMoreCyclesThanRequestedIfRequiredByTheInstruction (0 ms)
[0;32m[----------] [m1 test from My6502Test1 (0 ms total)

[0;32m[----------] [mGlobal test environment tear-down
[0;32m[==========] [m1 test from 1 test suite ran. (0 ms total)
[0;32m[  PASSED  ] [m1 test.
<end of output>
Test time =   0.01 sec
----------------------------------------------------------
Test Passed.
"My6502Test1.CPUCanExecuteMoreCyclesThanRequestedIfRequiredByTheInstruction" end time: Sep 20 18:05 JST
"My6502Test1.CPUCanExecuteMoreCyclesThanRequestedIfRequiredByTheInstruction" time elapsed: 00:00:00
----------------------------------------------------------

3/15 Testing: My6502Test1.LDAImmediateCanLoadAValueIntoTheARegister
3/15 Test: My6502Test1.LDAImmediateCanLoadAValueIntoTheARegister
Command: "/home/jn403l/Documents/my-6502/build/my-6502-test/test_test" "--gtest_filter=My6502Test1.LDAImmediateCanLoadAValueIntoTheARegister" "--gtest_also_run_disabled_tests"
Directory: /home/jn403l/Documents/my-6502/build/my-6502-test
"My6502Test1.LDAImmediateCanLoadAValueIntoTheARegister" start time: Sep 20 18:05 JST
Output:
----------------------------------------------------------
Running main() from /home/jn403l/Documents/my-6502/external/googletest/googletest/src/gtest_main.cc
[0;33mNote: Google Test filter = My6502Test1.LDAImmediateCanLoadAValueIntoTheARegister
[m[0;32m[==========] [mRunning 1 test from 1 test suite.
[0;32m[----------] [mGlobal test environment set-up.
[0;32m[----------] [m1 test from My6502Test1
[0;32m[ RUN      ] [mMy6502Test1.LDAImmediateCanLoadAValueIntoTheARegister
[0;32m[       OK ] [mMy6502Test1.LDAImmediateCanLoadAValueIntoTheARegister (0 ms)
[0;32m[----------] [m1 test from My6502Test1 (0 ms total)

[0;32m[----------] [mGlobal test environment tear-down
[0;32m[==========] [m1 test from 1 test suite ran. (0 ms total)
[0;32m[  PASSED  ] [m1 test.
<end of output>
Test time =   0.01 sec
----------------------------------------------------------
Test Passed.
"My6502Test1.LDAImmediateCanLoadAValueIntoTheARegister" end time: Sep 20 18:05 JST
"My6502Test1.LDAImmediateCanLoadAValueIntoTheARegister" time elapsed: 00:00:00
----------------------------------------------------------

4/15 Testing: My6502Test1.LDAImmediateCanAffectTheZeroFlag
4/15 Test: My6502Test1.LDAImmediateCanAffectTheZeroFlag
Command: "/home/jn403l/Documents/my-6502/build/my-6502-test/test_test" "--gtest_filter=My6502Test1.LDAImmediateCanAffectTheZeroFlag" "--gtest_also_run_disabled_tests"
Directory: /home/jn403l/Documents/my-6502/build/my-6502-test
"My6502Test1.LDAImmediateCanAffectTheZeroFlag" start time: Sep 20 18:05 JST
Output:
----------------------------------------------------------
Running main() from /home/jn403l/Documents/my-6502/external/googletest/googletest/src/gtest_main.cc
[0;33mNote: Google Test filter = My6502Test1.LDAImmediateCanAffectTheZeroFlag
[m[0;32m[==========] [mRunning 1 test from 1 test suite.
[0;32m[----------] [mGlobal test environment set-up.
[0;32m[----------] [m1 test from My6502Test1
[0;32m[ RUN      ] [mMy6502Test1.LDAImmediateCanAffectTheZeroFlag
[0;32m[       OK ] [mMy6502Test1.LDAImmediateCanAffectTheZeroFlag (0 ms)
[0;32m[----------] [m1 test from My6502Test1 (0 ms total)

[0;32m[----------] [mGlobal test environment tear-down
[0;32m[==========] [m1 test from 1 test suite ran. (0 ms total)
[0;32m[  PASSED  ] [m1 test.
<end of output>
Test time =   0.01 sec
----------------------------------------------------------
Test Passed.
"My6502Test1.LDAImmediateCanAffectTheZeroFlag" end time: Sep 20 18:05 JST
"My6502Test1.LDAImmediateCanAffectTheZeroFlag" time elapsed: 00:00:00
----------------------------------------------------------

5/15 Testing: My6502Test1.LDAZeroPageCanLoadAValueIntoTheARegister
5/15 Test: My6502Test1.LDAZeroPageCanLoadAValueIntoTheARegister
Command: "/home/jn403l/Documents/my-6502/build/my-6502-test/test_test" "--gtest_filter=My6502Test1.LDAZeroPageCanLoadAValueIntoTheARegister" "--gtest_also_run_disabled_tests"
Directory: /home/jn403l/Documents/my-6502/build/my-6502-test
"My6502Test1.LDAZeroPageCanLoadAValueIntoTheARegister" start time: Sep 20 18:05 JST
Output:
----------------------------------------------------------
Running main() from /home/jn403l/Documents/my-6502/external/googletest/googletest/src/gtest_main.cc
[0;33mNote: Google Test filter = My6502Test1.LDAZeroPageCanLoadAValueIntoTheARegister
[m[0;32m[==========] [mRunning 1 test from 1 test suite.
[0;32m[----------] [mGlobal test environment set-up.
[0;32m[----------] [m1 test from My6502Test1
[0;32m[ RUN      ] [mMy6502Test1.LDAZeroPageCanLoadAValueIntoTheARegister
[0;32m[       OK ] [mMy6502Test1.LDAZeroPageCanLoadAValueIntoTheARegister (0 ms)
[0;32m[----------] [m1 test from My6502Test1 (0 ms total)

[0;32m[----------] [mGlobal test environment tear-down
[0;32m[==========] [m1 test from 1 test suite ran. (0 ms total)
[0;32m[  PASSED  ] [m1 test.
<end of output>
Test time =   0.00 sec
----------------------------------------------------------
Test Passed.
"My6502Test1.LDAZeroPageCanLoadAValueIntoTheARegister" end time: Sep 20 18:05 JST
"My6502Test1.LDAZeroPageCanLoadAValueIntoTheARegister" time elapsed: 00:00:00
----------------------------------------------------------

6/15 Testing: My6502Test1.LDAZeroPageXCanLoadAValueIntoTheARegister
6/15 Test: My6502Test1.LDAZeroPageXCanLoadAValueIntoTheARegister
Command: "/home/jn403l/Documents/my-6502/build/my-6502-test/test_test" "--gtest_filter=My6502Test1.LDAZeroPageXCanLoadAValueIntoTheARegister" "--gtest_also_run_disabled_tests"
Directory: /home/jn403l/Documents/my-6502/build/my-6502-test
"My6502Test1.LDAZeroPageXCanLoadAValueIntoTheARegister" start time: Sep 20 18:05 JST
Output:
----------------------------------------------------------
Running main() from /home/jn403l/Documents/my-6502/external/googletest/googletest/src/gtest_main.cc
[0;33mNote: Google Test filter = My6502Test1.LDAZeroPageXCanLoadAValueIntoTheARegister
[m[0;32m[==========] [mRunning 1 test from 1 test suite.
[0;32m[----------] [mGlobal test environment set-up.
[0;32m[----------] [m1 test from My6502Test1
[0;32m[ RUN      ] [mMy6502Test1.LDAZeroPageXCanLoadAValueIntoTheARegister
[0;32m[       OK ] [mMy6502Test1.LDAZeroPageXCanLoadAValueIntoTheARegister (0 ms)
[0;32m[----------] [m1 test from My6502Test1 (0 ms total)

[0;32m[----------] [mGlobal test environment tear-down
[0;32m[==========] [m1 test from 1 test suite ran. (0 ms total)
[0;32m[  PASSED  ] [m1 test.
<end of output>
Test time =   0.00 sec
----------------------------------------------------------
Test Passed.
"My6502Test1.LDAZeroPageXCanLoadAValueIntoTheARegister" end time: Sep 20 18:05 JST
"My6502Test1.LDAZeroPageXCanLoadAValueIntoTheARegister" time elapsed: 00:00:00
----------------------------------------------------------

7/15 Testing: My6502Test1.LDAZeroPageXCanLoadAValueIntoTheARegisterWhenItWraps
7/15 Test: My6502Test1.LDAZeroPageXCanLoadAValueIntoTheARegisterWhenItWraps
Command: "/home/jn403l/Documents/my-6502/build/my-6502-test/test_test" "--gtest_filter=My6502Test1.LDAZeroPageXCanLoadAValueIntoTheARegisterWhenItWraps" "--gtest_also_run_disabled_tests"
Directory: /home/jn403l/Documents/my-6502/build/my-6502-test
"My6502Test1.LDAZeroPageXCanLoadAValueIntoTheARegisterWhenItWraps" start time: Sep 20 18:05 JST
Output:
----------------------------------------------------------
Running main() from /home/jn403l/Documents/my-6502/external/googletest/googletest/src/gtest_main.cc
[0;33mNote: Google Test filter = My6502Test1.LDAZeroPageXCanLoadAValueIntoTheARegisterWhenItWraps
[m[0;32m[==========] [mRunning 1 test from 1 test suite.
[0;32m[----------] [mGlobal test environment set-up.
[0;32m[----------] [m1 test from My6502Test1
[0;32m[ RUN      ] [mMy6502Test1.LDAZeroPageXCanLoadAValueIntoTheARegisterWhenItWraps
[0;32m[       OK ] [mMy6502Test1.LDAZeroPageXCanLoadAValueIntoTheARegisterWhenItWraps (0 ms)
[0;32m[----------] [m1 test from My6502Test1 (0 ms total)

[0;32m[----------] [mGlobal test environment tear-down
[0;32m[==========] [m1 test from 1 test suite ran. (0 ms total)
[0;32m[  PASSED  ] [m1 test.
<end of output>
Test time =   0.00 sec
----------------------------------------------------------
Test Passed.
"My6502Test1.LDAZeroPageXCanLoadAValueIntoTheARegisterWhenItWraps" end time: Sep 20 18:05 JST
"My6502Test1.LDAZeroPageXCanLoadAValueIntoTheARegisterWhenItWraps" time elapsed: 00:00:00
----------------------------------------------------------

8/15 Testing: My6502Test1.LDAAbsoluteCanLoadAValueIntoTheRegister
8/15 Test: My6502Test1.LDAAbsoluteCanLoadAValueIntoTheRegister
Command: "/home/jn403l/Documents/my-6502/build/my-6502-test/test_test" "--gtest_filter=My6502Test1.LDAAbsoluteCanLoadAValueIntoTheRegister" "--gtest_also_run_disabled_tests"
Directory: /home/jn403l/Documents/my-6502/build/my-6502-test
"My6502Test1.LDAAbsoluteCanLoadAValueIntoTheRegister" start time: Sep 20 18:05 JST
Output:
----------------------------------------------------------
Running main() from /home/jn403l/Documents/my-6502/external/googletest/googletest/src/gtest_main.cc
[0;33mNote: Google Test filter = My6502Test1.LDAAbsoluteCanLoadAValueIntoTheRegister
[m[0;32m[==========] [mRunning 1 test from 1 test suite.
[0;32m[----------] [mGlobal test environment set-up.
[0;32m[----------] [m1 test from My6502Test1
[0;32m[ RUN      ] [mMy6502Test1.LDAAbsoluteCanLoadAValueIntoTheRegister
[0;32m[       OK ] [mMy6502Test1.LDAAbsoluteCanLoadAValueIntoTheRegister (0 ms)
[0;32m[----------] [m1 test from My6502Test1 (0 ms total)

[0;32m[----------] [mGlobal test environment tear-down
[0;32m[==========] [m1 test from 1 test suite ran. (0 ms total)
[0;32m[  PASSED  ] [m1 test.
<end of output>
Test time =   0.00 sec
----------------------------------------------------------
Test Passed.
"My6502Test1.LDAAbsoluteCanLoadAValueIntoTheRegister" end time: Sep 20 18:05 JST
"My6502Test1.LDAAbsoluteCanLoadAValueIntoTheRegister" time elapsed: 00:00:00
----------------------------------------------------------

9/15 Testing: My6502Test1.LDAAbsoluteXLoadAValueIntoTheRegister
9/15 Test: My6502Test1.LDAAbsoluteXLoadAValueIntoTheRegister
Command: "/home/jn403l/Documents/my-6502/build/my-6502-test/test_test" "--gtest_filter=My6502Test1.LDAAbsoluteXLoadAValueIntoTheRegister" "--gtest_also_run_disabled_tests"
Directory: /home/jn403l/Documents/my-6502/build/my-6502-test
"My6502Test1.LDAAbsoluteXLoadAValueIntoTheRegister" start time: Sep 20 18:05 JST
Output:
----------------------------------------------------------
Running main() from /home/jn403l/Documents/my-6502/external/googletest/googletest/src/gtest_main.cc
[0;33mNote: Google Test filter = My6502Test1.LDAAbsoluteXLoadAValueIntoTheRegister
[m[0;32m[==========] [mRunning 1 test from 1 test suite.
[0;32m[----------] [mGlobal test environment set-up.
[0;32m[----------] [m1 test from My6502Test1
[0;32m[ RUN      ] [mMy6502Test1.LDAAbsoluteXLoadAValueIntoTheRegister
[0;32m[       OK ] [mMy6502Test1.LDAAbsoluteXLoadAValueIntoTheRegister (0 ms)
[0;32m[----------] [m1 test from My6502Test1 (0 ms total)

[0;32m[----------] [mGlobal test environment tear-down
[0;32m[==========] [m1 test from 1 test suite ran. (0 ms total)
[0;32m[  PASSED  ] [m1 test.
<end of output>
Test time =   0.00 sec
----------------------------------------------------------
Test Passed.
"My6502Test1.LDAAbsoluteXLoadAValueIntoTheRegister" end time: Sep 20 18:05 JST
"My6502Test1.LDAAbsoluteXLoadAValueIntoTheRegister" time elapsed: 00:00:00
----------------------------------------------------------

10/15 Testing: My6502Test1.LDAAbsoluteXLoadAValueIntoTheRegisterWhenItCrossesAPageBoundary
10/15 Test: My6502Test1.LDAAbsoluteXLoadAValueIntoTheRegisterWhenItCrossesAPageBoundary
Command: "/home/jn403l/Documents/my-6502/build/my-6502-test/test_test" "--gtest_filter=My6502Test1.LDAAbsoluteXLoadAValueIntoTheRegisterWhenItCrossesAPageBoundary" "--gtest_also_run_disabled_tests"
Directory: /home/jn403l/Documents/my-6502/build/my-6502-test
"My6502Test1.LDAAbsoluteXLoadAValueIntoTheRegisterWhenItCrossesAPageBoundary" start time: Sep 20 18:05 JST
Output:
----------------------------------------------------------
Running main() from /home/jn403l/Documents/my-6502/external/googletest/googletest/src/gtest_main.cc
[0;33mNote: Google Test filter = My6502Test1.LDAAbsoluteXLoadAValueIntoTheRegisterWhenItCrossesAPageBoundary
[m[0;32m[==========] [mRunning 1 test from 1 test suite.
[0;32m[----------] [mGlobal test environment set-up.
[0;32m[----------] [m1 test from My6502Test1
[0;32m[ RUN      ] [mMy6502Test1.LDAAbsoluteXLoadAValueIntoTheRegisterWhenItCrossesAPageBoundary
[0;32m[       OK ] [mMy6502Test1.LDAAbsoluteXLoadAValueIntoTheRegisterWhenItCrossesAPageBoundary (0 ms)
[0;32m[----------] [m1 test from My6502Test1 (0 ms total)

[0;32m[----------] [mGlobal test environment tear-down
[0;32m[==========] [m1 test from 1 test suite ran. (0 ms total)
[0;32m[  PASSED  ] [m1 test.
<end of output>
Test time =   0.01 sec
----------------------------------------------------------
Test Passed.
"My6502Test1.LDAAbsoluteXLoadAValueIntoTheRegisterWhenItCrossesAPageBoundary" end time: Sep 20 18:05 JST
"My6502Test1.LDAAbsoluteXLoadAValueIntoTheRegisterWhenItCrossesAPageBoundary" time elapsed: 00:00:00
----------------------------------------------------------

11/15 Testing: My6502Test1.LDAAbsoluteYLoadAValueIntoTheRegister
11/15 Test: My6502Test1.LDAAbsoluteYLoadAValueIntoTheRegister
Command: "/home/jn403l/Documents/my-6502/build/my-6502-test/test_test" "--gtest_filter=My6502Test1.LDAAbsoluteYLoadAValueIntoTheRegister" "--gtest_also_run_disabled_tests"
Directory: /home/jn403l/Documents/my-6502/build/my-6502-test
"My6502Test1.LDAAbsoluteYLoadAValueIntoTheRegister" start time: Sep 20 18:05 JST
Output:
----------------------------------------------------------
Running main() from /home/jn403l/Documents/my-6502/external/googletest/googletest/src/gtest_main.cc
[0;33mNote: Google Test filter = My6502Test1.LDAAbsoluteYLoadAValueIntoTheRegister
[m[0;32m[==========] [mRunning 1 test from 1 test suite.
[0;32m[----------] [mGlobal test environment set-up.
[0;32m[----------] [m1 test from My6502Test1
[0;32m[ RUN      ] [mMy6502Test1.LDAAbsoluteYLoadAValueIntoTheRegister
[0;32m[       OK ] [mMy6502Test1.LDAAbsoluteYLoadAValueIntoTheRegister (0 ms)
[0;32m[----------] [m1 test from My6502Test1 (0 ms total)

[0;32m[----------] [mGlobal test environment tear-down
[0;32m[==========] [m1 test from 1 test suite ran. (0 ms total)
[0;32m[  PASSED  ] [m1 test.
<end of output>
Test time =   0.00 sec
----------------------------------------------------------
Test Passed.
"My6502Test1.LDAAbsoluteYLoadAValueIntoTheRegister" end time: Sep 20 18:05 JST
"My6502Test1.LDAAbsoluteYLoadAValueIntoTheRegister" time elapsed: 00:00:00
----------------------------------------------------------

12/15 Testing: My6502Test1.LDAAbsoluteYLoadAValueIntoTheRegisterWhenItCrossesAPageBoundary
12/15 Test: My6502Test1.LDAAbsoluteYLoadAValueIntoTheRegisterWhenItCrossesAPageBoundary
Command: "/home/jn403l/Documents/my-6502/build/my-6502-test/test_test" "--gtest_filter=My6502Test1.LDAAbsoluteYLoadAValueIntoTheRegisterWhenItCrossesAPageBoundary" "--gtest_also_run_disabled_tests"
Directory: /home/jn403l/Documents/my-6502/build/my-6502-test
"My6502Test1.LDAAbsoluteYLoadAValueIntoTheRegisterWhenItCrossesAPageBoundary" start time: Sep 20 18:05 JST
Output:
----------------------------------------------------------
Running main() from /home/jn403l/Documents/my-6502/external/googletest/googletest/src/gtest_main.cc
[0;33mNote: Google Test filter = My6502Test1.LDAAbsoluteYLoadAValueIntoTheRegisterWhenItCrossesAPageBoundary
[m[0;32m[==========] [mRunning 1 test from 1 test suite.
[0;32m[----------] [mGlobal test environment set-up.
[0;32m[----------] [m1 test from My6502Test1
[0;32m[ RUN      ] [mMy6502Test1.LDAAbsoluteYLoadAValueIntoTheRegisterWhenItCrossesAPageBoundary
[0;32m[       OK ] [mMy6502Test1.LDAAbsoluteYLoadAValueIntoTheRegisterWhenItCrossesAPageBoundary (0 ms)
[0;32m[----------] [m1 test from My6502Test1 (0 ms total)

[0;32m[----------] [mGlobal test environment tear-down
[0;32m[==========] [m1 test from 1 test suite ran. (0 ms total)
[0;32m[  PASSED  ] [m1 test.
<end of output>
Test time =   0.00 sec
----------------------------------------------------------
Test Passed.
"My6502Test1.LDAAbsoluteYLoadAValueIntoTheRegisterWhenItCrossesAPageBoundary" end time: Sep 20 18:05 JST
"My6502Test1.LDAAbsoluteYLoadAValueIntoTheRegisterWhenItCrossesAPageBoundary" time elapsed: 00:00:00
----------------------------------------------------------

13/15 Testing: My6502Test1.LDAIndirectXCanLoadAValueIntoTheARegister
13/15 Test: My6502Test1.LDAIndirectXCanLoadAValueIntoTheARegister
Command: "/home/jn403l/Documents/my-6502/build/my-6502-test/test_test" "--gtest_filter=My6502Test1.LDAIndirectXCanLoadAValueIntoTheARegister" "--gtest_also_run_disabled_tests"
Directory: /home/jn403l/Documents/my-6502/build/my-6502-test
"My6502Test1.LDAIndirectXCanLoadAValueIntoTheARegister" start time: Sep 20 18:05 JST
Output:
----------------------------------------------------------
Running main() from /home/jn403l/Documents/my-6502/external/googletest/googletest/src/gtest_main.cc
[0;33mNote: Google Test filter = My6502Test1.LDAIndirectXCanLoadAValueIntoTheARegister
[m[0;32m[==========] [mRunning 1 test from 1 test suite.
[0;32m[----------] [mGlobal test environment set-up.
[0;32m[----------] [m1 test from My6502Test1
[0;32m[ RUN      ] [mMy6502Test1.LDAIndirectXCanLoadAValueIntoTheARegister
[0;32m[       OK ] [mMy6502Test1.LDAIndirectXCanLoadAValueIntoTheARegister (0 ms)
[0;32m[----------] [m1 test from My6502Test1 (0 ms total)

[0;32m[----------] [mGlobal test environment tear-down
[0;32m[==========] [m1 test from 1 test suite ran. (0 ms total)
[0;32m[  PASSED  ] [m1 test.
<end of output>
Test time =   0.00 sec
----------------------------------------------------------
Test Passed.
"My6502Test1.LDAIndirectXCanLoadAValueIntoTheARegister" end time: Sep 20 18:05 JST
"My6502Test1.LDAIndirectXCanLoadAValueIntoTheARegister" time elapsed: 00:00:00
----------------------------------------------------------

14/15 Testing: My6502Test1.LDAIndirectYCanLoadAValueIntoTheARegister
14/15 Test: My6502Test1.LDAIndirectYCanLoadAValueIntoTheARegister
Command: "/home/jn403l/Documents/my-6502/build/my-6502-test/test_test" "--gtest_filter=My6502Test1.LDAIndirectYCanLoadAValueIntoTheARegister" "--gtest_also_run_disabled_tests"
Directory: /home/jn403l/Documents/my-6502/build/my-6502-test
"My6502Test1.LDAIndirectYCanLoadAValueIntoTheARegister" start time: Sep 20 18:05 JST
Output:
----------------------------------------------------------
Running main() from /home/jn403l/Documents/my-6502/external/googletest/googletest/src/gtest_main.cc
[0;33mNote: Google Test filter = My6502Test1.LDAIndirectYCanLoadAValueIntoTheARegister
[m[0;32m[==========] [mRunning 1 test from 1 test suite.
[0;32m[----------] [mGlobal test environment set-up.
[0;32m[----------] [m1 test from My6502Test1
[0;32m[ RUN      ] [mMy6502Test1.LDAIndirectYCanLoadAValueIntoTheARegister
[0;32m[       OK ] [mMy6502Test1.LDAIndirectYCanLoadAValueIntoTheARegister (0 ms)
[0;32m[----------] [m1 test from My6502Test1 (0 ms total)

[0;32m[----------] [mGlobal test environment tear-down
[0;32m[==========] [m1 test from 1 test suite ran. (0 ms total)
[0;32m[  PASSED  ] [m1 test.
<end of output>
Test time =   0.00 sec
----------------------------------------------------------
Test Passed.
"My6502Test1.LDAIndirectYCanLoadAValueIntoTheARegister" end time: Sep 20 18:05 JST
"My6502Test1.LDAIndirectYCanLoadAValueIntoTheARegister" time elapsed: 00:00:00
----------------------------------------------------------

15/15 Testing: My6502Test1.LDAIndirectYCanLoadAValueIntoTheARegisterWhenItCrossesAPage
15/15 Test: My6502Test1.LDAIndirectYCanLoadAValueIntoTheARegisterWhenItCrossesAPage
Command: "/home/jn403l/Documents/my-6502/build/my-6502-test/test_test" "--gtest_filter=My6502Test1.LDAIndirectYCanLoadAValueIntoTheARegisterWhenItCrossesAPage" "--gtest_also_run_disabled_tests"
Directory: /home/jn403l/Documents/my-6502/build/my-6502-test
"My6502Test1.LDAIndirectYCanLoadAValueIntoTheARegisterWhenItCrossesAPage" start time: Sep 20 18:05 JST
Output:
----------------------------------------------------------
Running main() from /home/jn403l/Documents/my-6502/external/googletest/googletest/src/gtest_main.cc
[0;33mNote: Google Test filter = My6502Test1.LDAIndirectYCanLoadAValueIntoTheARegisterWhenItCrossesAPage
[m[0;32m[==========] [mRunning 1 test from 1 test suite.
[0;32m[----------] [mGlobal test environment set-up.
[0;32m[----------] [m1 test from My6502Test1
[0;32m[ RUN      ] [mMy6502Test1.LDAIndirectYCanLoadAValueIntoTheARegisterWhenItCrossesAPage
[0;32m[       OK ] [mMy6502Test1.LDAIndirectYCanLoadAValueIntoTheARegisterWhenItCrossesAPage (0 ms)
[0;32m[----------] [m1 test from My6502Test1 (0 ms total)

[0;32m[----------] [mGlobal test environment tear-down
[0;32m[==========] [m1 test from 1 test suite ran. (0 ms total)
[0;32m[  PASSED  ] [m1 test.
<end of output>
Test time =   0.01 sec
----------------------------------------------------------
Test Passed.
"My6502Test1.LDAIndirectYCanLoadAValueIntoTheARegisterWhenItCrossesAPage" end time: Sep 20 18:05 JST
"My6502Test1.LDAIndirectYCanLoadAValueIntoTheARegisterWhenItCrossesAPage" time elapsed: 00:00:00
----------------------------------------------------------

End testing: Sep 20 18:05 JST
